#
# There is insufficient memory for the Java Runtime Environment to continue.
# Native memory allocation (mmap) failed to map 266338304 bytes for Failed to commit area from 0x0000000703200000 to 0x0000000713000000 of length 266338304.
# Possible reasons:
#   The system is out of physical RAM or swap space
#   The process is running with CompressedOops enabled, and the Java Heap may be blocking the growth of the native heap
# Possible solutions:
#   Reduce memory load on the system
#   Increase physical memory or swap space
#   Check if swap backing store is full
#   Decrease Java heap size (-Xmx/-Xms)
#   Decrease number of Java threads
#   Decrease Java thread stack sizes (-Xss)
#   Set larger code cache with -XX:ReservedCodeCacheSize=
# This output file may be truncated or incomplete.
#
#  Out of Memory Error (./src/hotspot/os/windows/os_windows.cpp:3301), pid=142564, tid=58476
#
# JRE version:  (11.0.10+9) (build )
# Java VM: Dynamic Code Evolution 64-Bit Server VM (11.0.10+9-b1341.35, mixed mode, sharing, tiered, compressed oops, g1 gc, windows-amd64)
# No core dump will be written. Minidumps are not enabled by default on client versions of Windows
#

---------------  S U M M A R Y ------------

Command Line: org.jetbrains.git4idea.http.GitAskPassApp Username for 'https://gitee.com': 

Host: 11th Gen Intel(R) Core(TM) i5-1135G7 @ 2.40GHz, 8 cores, 15G,  Windows 10 , 64 bit Build 19041 (10.0.19041.928)
Time: Fri May 28 10:59:39 2021 中国标准时间 elapsed time: 0.011212 seconds (0d 0h 0m 0s)

---------------  T H R E A D  ---------------

Current thread (0x000001681a7cf000):  JavaThread "Unknown thread" [_thread_in_vm, id=58476, stack(0x00000025ca100000,0x00000025ca200000)]

Stack: [0x00000025ca100000,0x00000025ca200000]
Native frames: (J=compiled Java code, j=interpreted, Vv=VM code, C=native code)
V  [jvm.dll+0x5f84fa]
V  [jvm.dll+0x77e085]
V  [jvm.dll+0x77f5dd]
V  [jvm.dll+0x77fc93]
V  [jvm.dll+0x2457e8]
V  [jvm.dll+0x5f58f4]
V  [jvm.dll+0x5ea975]
V  [jvm.dll+0x30228b]
V  [jvm.dll+0x3021fa]
V  [jvm.dll+0x3020d2]
V  [jvm.dll+0x306fb6]
V  [jvm.dll+0x34f843]
V  [jvm.dll+0x34ff46]
V  [jvm.dll+0x34f943]
V  [jvm.dll+0x2dbcb8]
V  [jvm.dll+0x2dce57]
V  [jvm.dll+0x75c4d7]
V  [jvm.dll+0x75dd6c]
V  [jvm.dll+0x35cdb9]
V  [jvm.dll+0x73fc9e]
V  [jvm.dll+0x3c5663]
V  [jvm.dll+0x3c7a21]
C  [jli.dll+0x5373]
C  [ucrtbase.dll+0x21bb2]
C  [KERNEL32.DLL+0x17034]
C  [ntdll.dll+0x52651]


---------------  P R O C E S S  ---------------

Threads class SMR info:
_java_thread_list=0x00000168184f5d40, length=0, elements={
}

Java Threads: ( => current thread )

Other Threads:
  0x000001681a7e6000 GCTaskThread "GC Thread#0" [stack: 0x00000025ca200000,0x00000025ca300000] [id=188320]
  0x000001681a844800 ConcurrentGCThread "G1 Main Marker" [stack: 0x00000025ca300000,0x00000025ca400000] [id=187008]
  0x000001681a848000 ConcurrentGCThread "G1 Conc#0" [stack: 0x00000025ca400000,0x00000025ca500000] [id=9848]

[error occurred during error reporting (printing all threads), id 0xc0000005, EXCEPTION_ACCESS_VIOLATION (0xc0000005) at pc=0x00007fff9514c437]

VM state:not at safepoint (not fully initialized)

VM Mutex/Monitor currently owned by a thread:  ([mutex/lock_event])
[0x000001681a7cc340] Heap_lock - owner thread: 0x000001681a7cf000

Heap address: 0x0000000703200000, size: 4046 MB, Compressed Oops mode: Non-zero based: 0x0000000703200000
Narrow klass base: 0x0000000000000000, Narrow klass shift: 0

GC Heap History (0 events):
No events

Deoptimization events (0 events):
No events

Classes redefined (0 events):
No events

Internal exceptions (0 events):
No events

Events (1 events):
Event: 0.007 Loaded shared library D:\soft\work_soft\idea\IntelliJ IDEA 2021.1\jbr\bin\zip.dll


Dynamic libraries:
0x00007ff6a7a90000 - 0x00007ff6a7a9a000 	D:\soft\work_soft\idea\IntelliJ IDEA 2021.1\jbr\bin\java.exe
0x00007fffe3430000 - 0x00007fffe3625000 	C:\Windows\SYSTEM32\ntdll.dll
0x00007fffe1fd0000 - 0x00007fffe208d000 	C:\Windows\System32\KERNEL32.DLL
0x00007fffe0f40000 - 0x00007fffe1208000 	C:\Windows\System32\KERNELBASE.dll
0x00007fffe1390000 - 0x00007fffe1490000 	C:\Windows\System32\ucrtbase.dll
0x00007fffd7880000 - 0x00007fffd7899000 	D:\soft\work_soft\idea\IntelliJ IDEA 2021.1\jbr\bin\jli.dll
0x00007fffd4fb0000 - 0x00007fffd4fc7000 	D:\soft\work_soft\idea\IntelliJ IDEA 2021.1\jbr\bin\VCRUNTIME140.dll
0x00007fffe1850000 - 0x00007fffe19f0000 	C:\Windows\System32\USER32.dll
0x00007fffe1210000 - 0x00007fffe1232000 	C:\Windows\System32\win32u.dll
0x00007fffe2d30000 - 0x00007fffe2d5a000 	C:\Windows\System32\GDI32.dll
0x00007fffe0b70000 - 0x00007fffe0c7b000 	C:\Windows\System32\gdi32full.dll
0x00007fffc5860000 - 0x00007fffc5afa000 	C:\Windows\WinSxS\amd64_microsoft.windows.common-controls_6595b64144ccf1df_6.0.19041.844_none_ca00b6081b84eb1d\COMCTL32.dll
0x00007fffe1240000 - 0x00007fffe12dd000 	C:\Windows\System32\msvcp_win.dll
0x00007fffe2e00000 - 0x00007fffe2e9e000 	C:\Windows\System32\msvcrt.dll
0x00007fffe2ea0000 - 0x00007fffe2ed0000 	C:\Windows\System32\IMM32.DLL
0x00007fffba8f0000 - 0x00007fffba98d000 	D:\soft\work_soft\idea\IntelliJ IDEA 2021.1\jbr\bin\msvcp140.dll
0x00007fff94e60000 - 0x00007fff959af000 	D:\soft\work_soft\idea\IntelliJ IDEA 2021.1\jbr\bin\server\jvm.dll
0x00007fffe1f10000 - 0x00007fffe1fbc000 	C:\Windows\System32\ADVAPI32.dll
0x00007fffe2d60000 - 0x00007fffe2dfb000 	C:\Windows\System32\sechost.dll
0x00007fffe32c0000 - 0x00007fffe33eb000 	C:\Windows\System32\RPCRT4.dll
0x00007fffe2870000 - 0x00007fffe2878000 	C:\Windows\System32\PSAPI.DLL
0x00007fffce560000 - 0x00007fffce569000 	C:\Windows\SYSTEM32\WSOCK32.dll
0x00007fffcf680000 - 0x00007fffcf6a7000 	C:\Windows\SYSTEM32\WINMM.dll
0x00007fffe29c0000 - 0x00007fffe2a2b000 	C:\Windows\System32\WS2_32.dll
0x00007fffd5bd0000 - 0x00007fffd5bda000 	C:\Windows\SYSTEM32\VERSION.dll
0x00007fffdf440000 - 0x00007fffdf452000 	C:\Windows\SYSTEM32\kernel.appcore.dll
0x00007fffd78f0000 - 0x00007fffd7901000 	D:\soft\work_soft\idea\IntelliJ IDEA 2021.1\jbr\bin\verify.dll
0x00007fffde8e0000 - 0x00007fffdeac4000 	C:\Windows\SYSTEM32\DBGHELP.DLL
0x00007fffc9680000 - 0x00007fffc96ac000 	C:\Windows\SYSTEM32\dbgcore.DLL
0x00007fffe0d60000 - 0x00007fffe0de0000 	C:\Windows\System32\bcryptPrimitives.dll
0x00007fffd7800000 - 0x00007fffd7829000 	D:\soft\work_soft\idea\IntelliJ IDEA 2021.1\jbr\bin\java.dll
0x00007fffd78d0000 - 0x00007fffd78db000 	D:\soft\work_soft\idea\IntelliJ IDEA 2021.1\jbr\bin\jimage.dll
0x00007fffd6540000 - 0x00007fffd6558000 	D:\soft\work_soft\idea\IntelliJ IDEA 2021.1\jbr\bin\zip.dll

dbghelp: loaded successfully - version: 4.0.5 - missing functions: none
symbol engine: initialized successfully - sym options: 0x614 - pdb path: .;D:\soft\work_soft\idea\IntelliJ IDEA 2021.1\jbr\bin;C:\Windows\SYSTEM32;C:\Windows\WinSxS\amd64_microsoft.windows.common-controls_6595b64144ccf1df_6.0.19041.844_none_ca00b6081b84eb1d;D:\soft\work_soft\idea\IntelliJ IDEA 2021.1\jbr\bin\server

VM Arguments:
java_command: org.jetbrains.git4idea.http.GitAskPassApp Username for 'https://gitee.com': 
java_class_path (initial): D:/soft/work_soft/idea/IntelliJ IDEA 2021.1/plugins/git4idea/lib/git4idea-rt.jar;D:/soft/work_soft/idea/IntelliJ IDEA 2021.1/lib/xmlrpc-2.0.1.jar;D:/soft/work_soft/idea/IntelliJ IDEA 2021.1/lib/commons-codec-1.15.jar
Launcher Type: SUN_STANDARD

[Global flags]
     intx CICompilerCount                          = 4                                         {product} {ergonomic}
     uint ConcGCThreads                            = 2                                         {product} {ergonomic}
     uint G1ConcRefinementThreads                  = 8                                         {product} {ergonomic}
   size_t G1HeapRegionSize                         = 1048576                                   {product} {ergonomic}
    uintx GCDrainStackTargetSize                   = 64                                        {product} {ergonomic}
   size_t InitialHeapSize                          = 266338304                                 {product} {ergonomic}
   size_t MarkStackSize                            = 4194304                                   {product} {ergonomic}
   size_t MaxHeapSize                              = 4242538496                                {product} {ergonomic}
   size_t MinHeapDeltaBytes                        = 1048576                                   {product} {ergonomic}
    uintx NonNMethodCodeHeapSize                   = 5836300                                {pd product} {ergonomic}
    uintx NonProfiledCodeHeapSize                  = 122910970                              {pd product} {ergonomic}
    uintx ProfiledCodeHeapSize                     = 122910970                              {pd product} {ergonomic}
    uintx ReservedCodeCacheSize                    = 251658240                              {pd product} {ergonomic}
     bool SegmentedCodeCache                       = true                                      {product} {ergonomic}
     bool UseCompressedClassPointers               = true                                 {lp64_product} {ergonomic}
     bool UseCompressedOops                        = true                                 {lp64_product} {ergonomic}
     bool UseG1GC                                  = true                                      {product} {ergonomic}
     bool UseLargePagesIndividualAllocation        = false                                  {pd product} {ergonomic}

Logging:
Log output configuration:
 #0: stdout all=warning uptime,level,tags
 #1: stderr all=off uptime,level,tags

Environment Variables:
JAVA_HOME=C:\Program Files\Java\jdk1.8.0_271
CLASSPATH=C:\Program Files\Java\jdk1.8.0_271\lib\dt.jar;C:\Program Files\Java\jdk1.8.0_271\lib\tools.jar
PATH=D:/soft/work_soft/Git/Git/mingw64/libexec/git-core;D:/soft/work_soft/Git/Git/mingw64/libexec/git-core;D:\soft\work_soft\Git\Git\mingw64\bin;D:\soft\work_soft\Git\Git\usr\bin;C:\Users\25461\bin;C:\Program Files (x86)\Common Files\Oracle\Java\javapath;C:\Windows\system32;C:\Windows;C:\Windows\System32\Wbem;C:\Windows\System32\WindowsPowerShell\v1.0\;C:\Windows\System32\OpenSSH\;D:\soft\Git\Git\cmd;"C:\Program Files\Java\jdk1.8.0_271\bin;C:\Program Files\Java\jdk1.8.0_271\jre\bin";D:\soft\work_soft\maven\apache-maven-3.6.1-bin\apache-maven-3.6.1\bin;D:\soft\work_soft\Git\Git\cmd;D:\soft\work_soft\svn\bin;D:\soft\work_soft\Nodejs\;D:\soft\work_soft\xshell\;D:\soft\work_soft\xftp\;D:\soft\work_soft\sqlLint\sqlite-tools-win32-x86-3350500;C:\Program Files\MySQL\MySQL Shell 8.0\bin\;C:\Users\25461\AppData\Local\Microsoft\WindowsApps;D:\soft\work_soft\Nodejs\node_global;D:\soft\work_soft\vc\Microsoft VS Code\bin;C:\Python27;C:\Users\25461\AppData\Local\gitkraken\bin
USERNAME=JoyWu
DISPLAY=:0.0
LC_ALL=en_US.UTF-8
OS=Windows_NT
PROCESSOR_IDENTIFIER=Intel64 Family 6 Model 140 Stepping 1, GenuineIntel



---------------  S Y S T E M  ---------------

OS: Windows 10 , 64 bit Build 19041 (10.0.19041.928)
OS uptime: 9 days 20:08 hours

CPU:total 8 (initial active 8) (4 cores per cpu, 2 threads per core) family 6 model 140 stepping 1 microcode 0x66, cmov, cx8, fxsr, mmx, sse, sse2, sse3, ssse3, sse4.1, sse4.2, popcnt, avx, avx2, aes, clmul, erms, 3dnowpref, lzcnt, ht, tsc, tscinvbit, bmi1, bmi2, adx, evex, sha, fma

Memory: 4k page, system-wide physical 16183M (962M free)
TotalPageFile size 28983M (AvailPageFile size 15M)
current process WorkingSet (physical memory assigned to process): 10M, peak: 10M
current process commit charge ("private bytes"): 60M, peak: 314M

vm_info: Dynamic Code Evolution 64-Bit Server VM (11.0.10+9-b1341.35) for windows-amd64 JRE (11.0.10+9-b1341.35), built on Mar 31 2021 02:11:12 by "" with MS VC++ 14.0 (VS2015)

END.
